# JRE version: OpenJDK Runtime Environment (15.0.2+7) (build 15.0.2+7-27)
# Java VM: OpenJDK 64-Bit Server VM (15.0.2+7-27, mixed mode, sharing, tiered, compressed oops, g1 gc, windows-amd64)
GC Precious Log:
 CPUs: 12 total, 12 available
 Memory: 16308M
 Large Page Support: Disabled
 NUMA Support: Disabled
 Compressed Oops: Enabled (Zero based)
 Heap Region Size: 2M
 Heap Min Capacity: 8M
 Heap Initial Capacity: 256M
 Heap Max Capacity: 4078M
 Pre-touch: Disabled
 Parallel Workers: 10
 Concurrent Workers: 3
 Concurrent Refinement Workers: 10
 Periodic GC: Disabled
Heap:
 garbage-first heap   total 262144K, used 15716K [0x0000000701200000, 0x0000000800000000)
  region size 2048K, 5 young (10240K), 1 survivors (2048K)
 Metaspace       used 9707K, capacity 9921K, committed 9984K, reserved 1058816K
  class space    used 900K, capacity 968K, committed 1024K, reserved 1048576K
GC Heap History (20 events):
Event: 401.674 GC heap before
{Heap before GC invocations=439 (full 0):
 garbage-first heap   total 262144K, used 161161K [0x0000000701200000, 0x0000000800000000)
  region size 2048K, 76 young (155648K), 1 survivors (2048K)
 Metaspace       used 9707K, capacity 9921K, committed 9984K, reserved 1058816K
  class space    used 900K, capacity 968K, committed 1024K, reserved 1048576K
}
Event: 401.676 GC heap after
{Heap after GC invocations=440 (full 0):
 garbage-first heap   total 262144K, used 9591K [0x0000000701200000, 0x0000000800000000)
  region size 2048K, 1 young (2048K), 1 survivors (2048K)
 Metaspace       used 9707K, capacity 9921K, committed 9984K, reserved 1058816K
  class space    used 900K, capacity 968K, committed 1024K, reserved 1048576K
}
Event: 402.534 GC heap before
{Heap before GC invocations=440 (full 0):
 garbage-first heap   total 262144K, used 161143K [0x0000000701200000, 0x0000000800000000)
  region size 2048K, 76 young (155648K), 1 survivors (2048K)
 Metaspace       used 9707K, capacity 9921K, committed 9984K, reserved 1058816K
  class space    used 900K, capacity 968K, committed 1024K, reserved 1048576K
}
Event: 402.536 GC heap after
{Heap after GC invocations=441 (full 0):
 garbage-first heap   total 262144K, used 9585K [0x0000000701200000, 0x0000000800000000)
  region size 2048K, 1 young (2048K), 1 survivors (2048K)
 Metaspace       used 9707K, capacity 9921K, committed 9984K, reserved 1058816K
  class space    used 900K, capacity 968K, committed 1024K, reserved 1048576K
}
Event: 403.416 GC heap before
{Heap before GC invocations=441 (full 0):
 garbage-first heap   total 262144K, used 161137K [0x0000000701200000, 0x0000000800000000)
  region size 2048K, 76 young (155648K), 1 survivors (2048K)
 Metaspace       used 9707K, capacity 9921K, committed 9984K, reserved 1058816K
  class space    used 900K, capacity 968K, committed 1024K, reserved 1048576K
}
Event: 403.417 GC heap after
{Heap after GC invocations=442 (full 0):
 garbage-first heap   total 262144K, used 9630K [0x0000000701200000, 0x0000000800000000)
  region size 2048K, 1 young (2048K), 1 survivors (2048K)
 Metaspace       used 9707K, capacity 9921K, committed 9984K, reserved 1058816K
  class space    used 900K, capacity 968K, committed 1024K, reserved 1048576K
}
Event: 404.302 GC heap before
{Heap before GC invocations=442 (full 0):
 garbage-first heap   total 262144K, used 161182K [0x0000000701200000, 0x0000000800000000)
  region size 2048K, 76 young (155648K), 1 survivors (2048K)
 Metaspace       used 9707K, capacity 9921K, committed 9984K, reserved 1058816K
  class space    used 900K, capacity 968K, committed 1024K, reserved 1048576K
}
Event: 404.304 GC heap after
{Heap after GC invocations=443 (full 0):
 garbage-first heap   total 262144K, used 9573K [0x0000000701200000, 0x0000000800000000)
  region size 2048K, 1 young (2048K), 1 survivors (2048K)
 Metaspace       used 9707K, capacity 9921K, committed 9984K, reserved 1058816K
  class space    used 900K, capacity 968K, committed 1024K, reserved 1048576K
}
Event: 405.191 GC heap before
{Heap before GC invocations=443 (full 0):
 garbage-first heap   total 262144K, used 161125K [0x0000000701200000, 0x0000000800000000)
  region size 2048K, 76 young (155648K), 1 survivors (2048K)
 Metaspace       used 9707K, capacity 9921K, committed 9984K, reserved 1058816K
  class space    used 900K, capacity 968K, committed 1024K, reserved 1048576K
}
Event: 405.193 GC heap after
{Heap after GC invocations=444 (full 0):
 garbage-first heap   total 262144K, used 9585K [0x0000000701200000, 0x0000000800000000)
  region size 2048K, 1 young (2048K), 1 survivors (2048K)
 Metaspace       used 9707K, capacity 9921K, committed 9984K, reserved 1058816K
  class space    used 900K, capacity 968K, committed 1024K, reserved 1048576K
}
Event: 406.077 GC heap before
{Heap before GC invocations=444 (full 0):
 garbage-first heap   total 262144K, used 161137K [0x0000000701200000, 0x0000000800000000)
  region size 2048K, 76 young (155648K), 1 survivors (2048K)
 Metaspace       used 9707K, capacity 9921K, committed 9984K, reserved 1058816K
  class space    used 900K, capacity 968K, committed 1024K, reserved 1048576K
}
Event: 406.079 GC heap after
{Heap after GC invocations=445 (full 0):
 garbage-first heap   total 262144K, used 9606K [0x0000000701200000, 0x0000000800000000)
  region size 2048K, 1 young (2048K), 1 survivors (2048K)
 Metaspace       used 9707K, capacity 9921K, committed 9984K, reserved 1058816K
  class space    used 900K, capacity 968K, committed 1024K, reserved 1048576K
}
Event: 406.976 GC heap before
{Heap before GC invocations=445 (full 0):
 garbage-first heap   total 262144K, used 161158K [0x0000000701200000, 0x0000000800000000)
  region size 2048K, 76 young (155648K), 1 survivors (2048K)
 Metaspace       used 9707K, capacity 9921K, committed 9984K, reserved 1058816K
  class space    used 900K, capacity 968K, committed 1024K, reserved 1048576K
}
Event: 406.978 GC heap after
{Heap after GC invocations=446 (full 0):
 garbage-first heap   total 262144K, used 9626K [0x0000000701200000, 0x0000000800000000)
  region size 2048K, 1 young (2048K), 1 survivors (2048K)
 Metaspace       used 9707K, capacity 9921K, committed 9984K, reserved 1058816K
  class space    used 900K, capacity 968K, committed 1024K, reserved 1048576K
}
Event: 407.868 GC heap before
{Heap before GC invocations=446 (full 0):
 garbage-first heap   total 262144K, used 161178K [0x0000000701200000, 0x0000000800000000)
  region size 2048K, 76 young (155648K), 1 survivors (2048K)
 Metaspace       used 9707K, capacity 9921K, committed 9984K, reserved 1058816K
  class space    used 900K, capacity 968K, committed 1024K, reserved 1048576K
}
Event: 407.870 GC heap after
{Heap after GC invocations=447 (full 0):
 garbage-first heap   total 262144K, used 9588K [0x0000000701200000, 0x0000000800000000)
  region size 2048K, 1 young (2048K), 1 survivors (2048K)
 Metaspace       used 9707K, capacity 9921K, committed 9984K, reserved 1058816K
  class space    used 900K, capacity 968K, committed 1024K, reserved 1048576K
}
Event: 408.755 GC heap before
{Heap before GC invocations=447 (full 0):
 garbage-first heap   total 262144K, used 161140K [0x0000000701200000, 0x0000000800000000)
  region size 2048K, 76 young (155648K), 1 survivors (2048K)
 Metaspace       used 9707K, capacity 9921K, committed 9984K, reserved 1058816K
  class space    used 900K, capacity 968K, committed 1024K, reserved 1048576K
}
Event: 408.756 GC heap after
{Heap after GC invocations=448 (full 0):
 garbage-first heap   total 262144K, used 9586K [0x0000000701200000, 0x0000000800000000)
  region size 2048K, 1 young (2048K), 1 survivors (2048K)
 Metaspace       used 9707K, capacity 9921K, committed 9984K, reserved 1058816K
  class space    used 900K, capacity 968K, committed 1024K, reserved 1048576K
}
Event: 409.644 GC heap before
{Heap before GC invocations=448 (full 0):
 garbage-first heap   total 262144K, used 161138K [0x0000000701200000, 0x0000000800000000)
  region size 2048K, 76 young (155648K), 1 survivors (2048K)
 Metaspace       used 9707K, capacity 9921K, committed 9984K, reserved 1058816K
  class space    used 900K, capacity 968K, committed 1024K, reserved 1048576K
}
Event: 409.646 GC heap after
{Heap after GC invocations=449 (full 0):
 garbage-first heap   total 262144K, used 9572K [0x0000000701200000, 0x0000000800000000)
  region size 2048K, 1 young (2048K), 1 survivors (2048K)
 Metaspace       used 9707K, capacity 9921K, committed 9984K, reserved 1058816K
  class space    used 900K, capacity 968K, committed 1024K, reserved 1048576K
}

